<?xml version="1.0" encoding="UTF-8"?>
<testng-results skipped="0" failed="0" ignored="0" total="1" passed="1">
  <reporter-output>
  </reporter-output>
  <suite name="Default suite" duration-ms="129716" started-at="2019-02-16T16:20:35Z" finished-at="2019-02-16T16:22:45Z">
    <groups>
    </groups>
    <test name="Default test" duration-ms="129716" started-at="2019-02-16T16:20:35Z" finished-at="2019-02-16T16:22:45Z">
      <class name="com.mes.test.smoke.TestSample">
        <test-method status="PASS" signature="preCondition()[pri:0, instance:com.mes.test.smoke.TestSample@8bd1b6a]" name="preCondition" is-config="true" duration-ms="129452" started-at="2019-02-16T16:20:35Z" finished-at="2019-02-16T16:22:45Z">
          <reporter-output>
          </reporter-output>
        </test-method> <!-- preCondition -->
        <test-method status="PASS" signature="test_sample()[pri:0, instance:com.mes.test.smoke.TestSample@8bd1b6a]" name="test_sample" duration-ms="49" started-at="2019-02-16T16:22:45Z" finished-at="2019-02-16T16:22:45Z">
          <reporter-output>
          </reporter-output>
        </test-method> <!-- test_sample -->
        <test-method status="PASS" signature="postCondition()[pri:0, instance:com.mes.test.smoke.TestSample@8bd1b6a]" name="postCondition" is-config="true" duration-ms="180" started-at="2019-02-16T16:22:45Z" finished-at="2019-02-16T16:22:45Z">
          <reporter-output>
          </reporter-output>
        </test-method> <!-- postCondition -->
      </class> <!-- com.mes.test.smoke.TestSample -->
    </test> <!-- Default test -->
  </suite> <!-- Default suite -->
</testng-results>
